{"C:\\Source\\Repos\\vstest-action\\src\\constants.ts": {"path":"C:\\Source\\Repos\\vstest-action\\src\\constants.ts","statementMap":{"0":{"start":{"line":1,"column":0},"end":{"line":1,"column":null}},"1":{"start":{"line":2,"column":4},"end":{"line":2,"column":null}},"2":{"start":{"line":3,"column":4},"end":{"line":3,"column":null}},"3":{"start":{"line":4,"column":4},"end":{"line":4,"column":null}},"4":{"start":{"line":7,"column":2},"end":{"line":7,"column":null}},"5":{"start":{"line":11,"column":4},"end":{"line":11,"column":null}},"6":{"start":{"line":16,"column":4},"end":{"line":16,"column":null}},"7":{"start":{"line":21,"column":4},"end":{"line":21,"column":null}}},"fnMap":{"0":{"name":"(anonymous_0)","decl":{"start":{"line":1,"column":0},"end":{"line":1,"column":12}},"loc":{"start":{"line":1,"column":18},"end":{"line":5,"column":3}}},"1":{"name":"(anonymous_1)","decl":{"start":{"line":7,"column":2},"end":{"line":7,"column":14}},"loc":{"start":{"line":7,"column":27},"end":{"line":22,"column":3}}}},"branchMap":{"0":{"loc":{"start":{"line":1,"column":12},"end":{"line":1,"column":null}},"type":"binary-expr","locations":[{"start":{"line":1,"column":12},"end":{"line":1,"column":18}},{"start":{"line":1,"column":12},"end":{"line":1,"column":null}}]},"1":{"loc":{"start":{"line":7,"column":14},"end":{"line":7,"column":null}},"type":"binary-expr","locations":[{"start":{"line":7,"column":14},"end":{"line":7,"column":27}},{"start":{"line":7,"column":14},"end":{"line":7,"column":null}}]}},"s":{"0":1,"1":1,"2":1,"3":1,"4":1,"5":1,"6":1,"7":1},"f":{"0":1,"1":1},"b":{"0":[1,1],"1":[1,1]}}
,"C:\\Source\\Repos\\vstest-action\\src\\getArguments.ts": {"path":"C:\\Source\\Repos\\vstest-action\\src\\getArguments.ts","statementMap":{"0":{"start":{"line":1,"column":0},"end":{"line":1,"column":38}},"1":{"start":{"line":10,"column":13},"end":{"line":10,"column":15}},"2":{"start":{"line":11,"column":27},"end":{"line":11,"column":62}},"3":{"start":{"line":12,"column":2},"end":{"line":14,"column":null}},"4":{"start":{"line":13,"column":4},"end":{"line":13,"column":null}},"5":{"start":{"line":16,"column":24},"end":{"line":16,"column":56}},"6":{"start":{"line":17,"column":2},"end":{"line":19,"column":null}},"7":{"start":{"line":18,"column":4},"end":{"line":18,"column":null}},"8":{"start":{"line":21,"column":33},"end":{"line":21,"column":74}},"9":{"start":{"line":22,"column":2},"end":{"line":24,"column":null}},"10":{"start":{"line":23,"column":4},"end":{"line":23,"column":null}},"11":{"start":{"line":26,"column":22},"end":{"line":26,"column":52}},"12":{"start":{"line":27,"column":2},"end":{"line":29,"column":null}},"13":{"start":{"line":28,"column":4},"end":{"line":28,"column":null}},"14":{"start":{"line":31,"column":28},"end":{"line":31,"column":64}},"15":{"start":{"line":32,"column":2},"end":{"line":34,"column":null}},"16":{"start":{"line":33,"column":4},"end":{"line":33,"column":null}},"17":{"start":{"line":36,"column":28},"end":{"line":36,"column":64}},"18":{"start":{"line":37,"column":2},"end":{"line":39,"column":null}},"19":{"start":{"line":38,"column":4},"end":{"line":38,"column":null}},"20":{"start":{"line":41,"column":17},"end":{"line":41,"column":42}},"21":{"start":{"line":42,"column":2},"end":{"line":44,"column":null}},"22":{"start":{"line":43,"column":4},"end":{"line":43,"column":null}},"23":{"start":{"line":46,"column":28},"end":{"line":46,"column":64}},"24":{"start":{"line":47,"column":2},"end":{"line":49,"column":null}},"25":{"start":{"line":48,"column":4},"end":{"line":48,"column":null}},"26":{"start":{"line":51,"column":2},"end":{"line":51,"column":null}},"27":{"start":{"line":9,"column":0},"end":{"line":9,"column":16}}},"fnMap":{"0":{"name":"getArguments","decl":{"start":{"line":9,"column":16},"end":{"line":9,"column":28}},"loc":{"start":{"line":9,"column":28},"end":{"line":52,"column":1}}}},"branchMap":{"0":{"loc":{"start":{"line":12,"column":2},"end":{"line":14,"column":null}},"type":"if","locations":[{"start":{"line":12,"column":2},"end":{"line":14,"column":null}}]},"1":{"loc":{"start":{"line":17,"column":2},"end":{"line":19,"column":null}},"type":"if","locations":[{"start":{"line":17,"column":2},"end":{"line":19,"column":null}}]},"2":{"loc":{"start":{"line":22,"column":2},"end":{"line":24,"column":null}},"type":"if","locations":[{"start":{"line":22,"column":2},"end":{"line":24,"column":null}}]},"3":{"loc":{"start":{"line":27,"column":2},"end":{"line":29,"column":null}},"type":"if","locations":[{"start":{"line":27,"column":2},"end":{"line":29,"column":null}}]},"4":{"loc":{"start":{"line":27,"column":5},"end":{"line":27,"column":60}},"type":"binary-expr","locations":[{"start":{"line":27,"column":5},"end":{"line":27,"column":18}},{"start":{"line":27,"column":22},"end":{"line":27,"column":60}}]},"5":{"loc":{"start":{"line":32,"column":2},"end":{"line":34,"column":null}},"type":"if","locations":[{"start":{"line":32,"column":2},"end":{"line":34,"column":null}}]},"6":{"loc":{"start":{"line":32,"column":5},"end":{"line":32,"column":72}},"type":"binary-expr","locations":[{"start":{"line":32,"column":5},"end":{"line":32,"column":24}},{"start":{"line":32,"column":28},"end":{"line":32,"column":72}}]},"7":{"loc":{"start":{"line":37,"column":2},"end":{"line":39,"column":null}},"type":"if","locations":[{"start":{"line":37,"column":2},"end":{"line":39,"column":null}}]},"8":{"loc":{"start":{"line":37,"column":5},"end":{"line":37,"column":72}},"type":"binary-expr","locations":[{"start":{"line":37,"column":5},"end":{"line":37,"column":24}},{"start":{"line":37,"column":28},"end":{"line":37,"column":72}}]},"9":{"loc":{"start":{"line":42,"column":2},"end":{"line":44,"column":null}},"type":"if","locations":[{"start":{"line":42,"column":2},"end":{"line":44,"column":null}}]},"10":{"loc":{"start":{"line":42,"column":5},"end":{"line":42,"column":81}},"type":"binary-expr","locations":[{"start":{"line":42,"column":5},"end":{"line":42,"column":13}},{"start":{"line":42,"column":18},"end":{"line":42,"column":36}},{"start":{"line":42,"column":40},"end":{"line":42,"column":58}},{"start":{"line":42,"column":62},"end":{"line":42,"column":80}}]},"11":{"loc":{"start":{"line":47,"column":2},"end":{"line":49,"column":null}},"type":"if","locations":[{"start":{"line":47,"column":2},"end":{"line":49,"column":null}}]}},"s":{"0":1,"1":2,"2":2,"3":2,"4":1,"5":2,"6":2,"7":1,"8":2,"9":2,"10":1,"11":2,"12":2,"13":1,"14":2,"15":2,"16":1,"17":2,"18":2,"19":1,"20":2,"21":2,"22":1,"23":2,"24":2,"25":1,"26":2,"27":1},"f":{"0":2},"b":{"0":[1],"1":[1],"2":[1],"3":[1],"4":[2,2],"5":[1],"6":[2,2],"7":[1],"8":[2,2],"9":[1],"10":[2,1,1,0],"11":[1]}}
,"C:\\Source\\Repos\\vstest-action\\src\\getTestAssemblies.ts": {"path":"C:\\Source\\Repos\\vstest-action\\src\\getTestAssemblies.ts","statementMap":{"0":{"start":{"line":1,"column":0},"end":{"line":1,"column":38}},"1":{"start":{"line":2,"column":0},"end":{"line":2,"column":43}},"2":{"start":{"line":5,"column":2},"end":{"line":15,"column":null}},"3":{"start":{"line":6,"column":23},"end":{"line":6,"column":52}},"4":{"start":{"line":7,"column":23},"end":{"line":7,"column":52}},"5":{"start":{"line":9,"column":4},"end":{"line":9,"column":null}},"6":{"start":{"line":10,"column":25},"end":{"line":10,"column":77}},"7":{"start":{"line":12,"column":4},"end":{"line":12,"column":null}},"8":{"start":{"line":14,"column":4},"end":{"line":14,"column":null}},"9":{"start":{"line":16,"column":2},"end":{"line":16,"column":null}},"10":{"start":{"line":4,"column":0},"end":{"line":4,"column":22}}},"fnMap":{"0":{"name":"getTestAssemblies","decl":{"start":{"line":4,"column":22},"end":{"line":4,"column":39}},"loc":{"start":{"line":4,"column":39},"end":{"line":17,"column":null}}}},"branchMap":{},"s":{"0":1,"1":1,"2":2,"3":2,"4":2,"5":2,"6":2,"7":2,"8":0,"9":0,"10":1},"f":{"0":2},"b":{}}
,"C:\\Source\\Repos\\vstest-action\\src\\getVsTestPath.ts": {"path":"C:\\Source\\Repos\\vstest-action\\src\\getVsTestPath.ts","statementMap":{"0":{"start":{"line":1,"column":0},"end":{"line":1,"column":38}},"1":{"start":{"line":3,"column":0},"end":{"line":3,"column":29}},"2":{"start":{"line":10,"column":29},"end":{"line":10,"column":66}},"3":{"start":{"line":11,"column":2},"end":{"line":13,"column":null}},"4":{"start":{"line":12,"column":4},"end":{"line":12,"column":null}},"5":{"start":{"line":15,"column":22},"end":{"line":15,"column":52}},"6":{"start":{"line":16,"column":2},"end":{"line":18,"column":null}},"7":{"start":{"line":17,"column":4},"end":{"line":17,"column":null}},"8":{"start":{"line":20,"column":2},"end":{"line":22,"column":null}},"9":{"start":{"line":21,"column":4},"end":{"line":21,"column":null}},"10":{"start":{"line":24,"column":2},"end":{"line":24,"column":null}},"11":{"start":{"line":9,"column":0},"end":{"line":9,"column":16}}},"fnMap":{"0":{"name":"getVsTestPath","decl":{"start":{"line":9,"column":16},"end":{"line":9,"column":29}},"loc":{"start":{"line":9,"column":29},"end":{"line":25,"column":1}}}},"branchMap":{"0":{"loc":{"start":{"line":11,"column":2},"end":{"line":13,"column":null}},"type":"if","locations":[{"start":{"line":11,"column":2},"end":{"line":13,"column":null}}]},"1":{"loc":{"start":{"line":11,"column":5},"end":{"line":11,"column":78}},"type":"binary-expr","locations":[{"start":{"line":11,"column":5},"end":{"line":11,"column":25}},{"start":{"line":11,"column":29},"end":{"line":11,"column":78}}]},"2":{"loc":{"start":{"line":16,"column":2},"end":{"line":18,"column":null}},"type":"if","locations":[{"start":{"line":16,"column":2},"end":{"line":18,"column":null}}]},"3":{"loc":{"start":{"line":16,"column":5},"end":{"line":16,"column":46}},"type":"binary-expr","locations":[{"start":{"line":16,"column":5},"end":{"line":16,"column":18}},{"start":{"line":16,"column":22},"end":{"line":16,"column":46}}]},"4":{"loc":{"start":{"line":20,"column":2},"end":{"line":22,"column":null}},"type":"if","locations":[{"start":{"line":20,"column":2},"end":{"line":22,"column":null}}]},"5":{"loc":{"start":{"line":20,"column":5},"end":{"line":20,"column":46}},"type":"binary-expr","locations":[{"start":{"line":20,"column":5},"end":{"line":20,"column":18}},{"start":{"line":20,"column":22},"end":{"line":20,"column":46}}]}},"s":{"0":1,"1":1,"2":0,"3":0,"4":0,"5":0,"6":0,"7":0,"8":0,"9":0,"10":0,"11":1},"f":{"0":0},"b":{"0":[0],"1":[0,0],"2":[0],"3":[0,0],"4":[0],"5":[0,0]}}
,"C:\\Source\\Repos\\vstest-action\\src\\index.ts": {"path":"C:\\Source\\Repos\\vstest-action\\src\\index.ts","statementMap":{"0":{"start":{"line":1,"column":0},"end":{"line":1,"column":38}},"1":{"start":{"line":2,"column":0},"end":{"line":2,"column":38}},"2":{"start":{"line":3,"column":0},"end":{"line":3,"column":29}},"3":{"start":{"line":4,"column":0},"end":{"line":4,"column":47}},"4":{"start":{"line":5,"column":0},"end":{"line":5,"column":53}},"5":{"start":{"line":6,"column":0},"end":{"line":6,"column":43}},"6":{"start":{"line":7,"column":0},"end":{"line":7,"column":45}},"7":{"start":{"line":10,"column":2},"end":{"line":39,"column":null}},"8":{"start":{"line":11,"column":20},"end":{"line":11,"column":45}},"9":{"start":{"line":12,"column":4},"end":{"line":14,"column":null}},"10":{"start":{"line":13,"column":6},"end":{"line":13,"column":null}},"11":{"start":{"line":16,"column":4},"end":{"line":16,"column":null}},"12":{"start":{"line":17,"column":4},"end":{"line":19,"column":7}},"13":{"start":{"line":18,"column":6},"end":{"line":18,"column":null}},"14":{"start":{"line":21,"column":4},"end":{"line":21,"column":43}},"15":{"start":{"line":22,"column":24},"end":{"line":22,"column":59}},"16":{"start":{"line":23,"column":4},"end":{"line":23,"column":121}},"17":{"start":{"line":25,"column":4},"end":{"line":25,"column":41}},"18":{"start":{"line":26,"column":4},"end":{"line":26,"column":52}},"19":{"start":{"line":27,"column":4},"end":{"line":27,"column":102}},"20":{"start":{"line":29,"column":21},"end":{"line":29,"column":36}},"21":{"start":{"line":30,"column":4},"end":{"line":30,"column":44}},"22":{"start":{"line":32,"column":15},"end":{"line":32,"column":29}},"23":{"start":{"line":33,"column":4},"end":{"line":33,"column":37}},"24":{"start":{"line":35,"column":4},"end":{"line":35,"column":34}},"25":{"start":{"line":36,"column":4},"end":{"line":36,"column":80}},"26":{"start":{"line":38,"column":4},"end":{"line":38,"column":null}},"27":{"start":{"line":42,"column":2},"end":{"line":46,"column":null}},"28":{"start":{"line":43,"column":4},"end":{"line":43,"column":27}},"29":{"start":{"line":45,"column":4},"end":{"line":45,"column":null}},"30":{"start":{"line":9,"column":0},"end":{"line":9,"column":22}},"31":{"start":{"line":49,"column":0},"end":{"line":49,"column":null}}},"fnMap":{"0":{"name":"run","decl":{"start":{"line":9,"column":22},"end":{"line":9,"column":25}},"loc":{"start":{"line":9,"column":25},"end":{"line":47,"column":null}}},"1":{"name":"(anonymous_15)","decl":{"start":{"line":17,"column":22},"end":{"line":17,"column":32}},"loc":{"start":{"line":17,"column":36},"end":{"line":19,"column":5}}}},"branchMap":{"0":{"loc":{"start":{"line":12,"column":4},"end":{"line":14,"column":null}},"type":"if","locations":[{"start":{"line":12,"column":4},"end":{"line":14,"column":null}}]}},"s":{"0":1,"1":1,"2":1,"3":1,"4":1,"5":1,"6":1,"7":2,"8":2,"9":2,"10":2,"11":0,"12":0,"13":0,"14":0,"15":0,"16":0,"17":0,"18":0,"19":0,"20":0,"21":0,"22":0,"23":0,"24":0,"25":0,"26":2,"27":2,"28":2,"29":0,"30":1,"31":1},"f":{"0":2,"1":0},"b":{"0":[2]}}
,"C:\\Source\\Repos\\vstest-action\\src\\input-helper.ts": {"path":"C:\\Source\\Repos\\vstest-action\\src\\input-helper.ts","statementMap":{"0":{"start":{"line":1,"column":0},"end":{"line":1,"column":37}},"1":{"start":{"line":2,"column":0},"end":{"line":2,"column":49}},"2":{"start":{"line":9,"column":15},"end":{"line":9,"column":41}},"3":{"start":{"line":10,"column":15},"end":{"line":10,"column":28}},"4":{"start":{"line":12,"column":33},"end":{"line":12,"column":69}},"5":{"start":{"line":13,"column":40},"end":{"line":13,"column":99}},"6":{"start":{"line":15,"column":2},"end":{"line":23,"column":null}},"7":{"start":{"line":16,"column":4},"end":{"line":22,"column":null}},"8":{"start":{"line":25,"column":17},"end":{"line":29,"column":null}},"9":{"start":{"line":31,"column":27},"end":{"line":31,"column":62}},"10":{"start":{"line":32,"column":2},"end":{"line":37,"column":null}},"11":{"start":{"line":33,"column":4},"end":{"line":33,"column":null}},"12":{"start":{"line":34,"column":4},"end":{"line":36,"column":null}},"13":{"start":{"line":35,"column":6},"end":{"line":35,"column":null}},"14":{"start":{"line":39,"column":2},"end":{"line":39,"column":null}},"15":{"start":{"line":8,"column":0},"end":{"line":8,"column":16}}},"fnMap":{"0":{"name":"getInputs","decl":{"start":{"line":8,"column":16},"end":{"line":8,"column":25}},"loc":{"start":{"line":8,"column":25},"end":{"line":40,"column":1}}}},"branchMap":{"0":{"loc":{"start":{"line":15,"column":2},"end":{"line":23,"column":null}},"type":"if","locations":[{"start":{"line":15,"column":2},"end":{"line":23,"column":null}}]},"1":{"loc":{"start":{"line":32,"column":2},"end":{"line":37,"column":null}},"type":"if","locations":[{"start":{"line":32,"column":2},"end":{"line":37,"column":null}}]},"2":{"loc":{"start":{"line":34,"column":4},"end":{"line":36,"column":null}},"type":"if","locations":[{"start":{"line":34,"column":4},"end":{"line":36,"column":null}}]}},"s":{"0":1,"1":1,"2":3,"3":3,"4":3,"5":3,"6":3,"7":3,"8":3,"9":3,"10":3,"11":2,"12":2,"13":2,"14":3,"15":1},"f":{"0":3},"b":{"0":[3],"1":[2],"2":[2]}}
,"C:\\Source\\Repos\\vstest-action\\src\\search.ts": {"path":"C:\\Source\\Repos\\vstest-action\\src\\search.ts","statementMap":{"0":{"start":{"line":1,"column":0},"end":{"line":1,"column":37}},"1":{"start":{"line":2,"column":0},"end":{"line":2,"column":28}},"2":{"start":{"line":3,"column":0},"end":{"line":3,"column":41}},"3":{"start":{"line":4,"column":0},"end":{"line":4,"column":23}},"4":{"start":{"line":5,"column":0},"end":{"line":5,"column":28}},"5":{"start":{"line":6,"column":0},"end":{"line":6,"column":30}},"6":{"start":{"line":7,"column":14},"end":{"line":7,"column":29}},"7":{"start":{"line":15,"column":2},"end":{"line":19,"column":null}},"8":{"start":{"line":32,"column":2},"end":{"line":34,"column":null}},"9":{"start":{"line":33,"column":4},"end":{"line":33,"column":null}},"10":{"start":{"line":36,"column":22},"end":{"line":36,"column":41}},"11":{"start":{"line":37,"column":21},"end":{"line":37,"column":42}},"12":{"start":{"line":38,"column":27},"end":{"line":38,"column":50}},"13":{"start":{"line":41,"column":2},"end":{"line":49,"column":null}},"14":{"start":{"line":42,"column":4},"end":{"line":42,"column":null}},"15":{"start":{"line":44,"column":28},"end":{"line":44,"column":70}},"16":{"start":{"line":47,"column":4},"end":{"line":47,"column":null}},"17":{"start":{"line":48,"column":4},"end":{"line":48,"column":null}},"18":{"start":{"line":52,"column":2},"end":{"line":54,"column":null}},"19":{"start":{"line":53,"column":4},"end":{"line":53,"column":null}},"20":{"start":{"line":56,"column":19},"end":{"line":56,"column":20}},"21":{"start":{"line":59,"column":20},"end":{"line":59,"column":45}},"22":{"start":{"line":60,"column":4},"end":{"line":65,"column":null}},"23":{"start":{"line":60,"column":17},"end":{"line":60,"column":18}},"24":{"start":{"line":61,"column":6},"end":{"line":64,"column":null}},"25":{"start":{"line":63,"column":8},"end":{"line":63,"column":null}},"26":{"start":{"line":66,"column":4},"end":{"line":66,"column":null}},"27":{"start":{"line":70,"column":2},"end":{"line":77,"column":null}},"28":{"start":{"line":71,"column":4},"end":{"line":73,"column":null}},"29":{"start":{"line":72,"column":6},"end":{"line":72,"column":11}},"30":{"start":{"line":75,"column":4},"end":{"line":75,"column":null}},"31":{"start":{"line":76,"column":4},"end":{"line":76,"column":null}},"32":{"start":{"line":78,"column":2},"end":{"line":78,"column":null}},"33":{"start":{"line":85,"column":34},"end":{"line":85,"column":36}},"34":{"start":{"line":86,"column":18},"end":{"line":88,"column":null}},"35":{"start":{"line":90,"column":37},"end":{"line":90,"column":57}},"36":{"start":{"line":96,"column":14},"end":{"line":96,"column":31}},"37":{"start":{"line":102,"column":2},"end":{"line":122,"column":null}},"38":{"start":{"line":103,"column":22},"end":{"line":103,"column":47}},"39":{"start":{"line":105,"column":4},"end":{"line":121,"column":null}},"40":{"start":{"line":106,"column":6},"end":{"line":106,"column":null}},"41":{"start":{"line":107,"column":6},"end":{"line":107,"column":null}},"42":{"start":{"line":110,"column":6},"end":{"line":116,"column":null}},"43":{"start":{"line":111,"column":8},"end":{"line":113,"column":null}},"44":{"start":{"line":115,"column":8},"end":{"line":115,"column":null}},"45":{"start":{"line":118,"column":6},"end":{"line":120,"column":null}},"46":{"start":{"line":125,"column":32},"end":{"line":125,"column":56}},"47":{"start":{"line":127,"column":2},"end":{"line":140,"column":null}},"48":{"start":{"line":128,"column":4},"end":{"line":130,"column":null}},"49":{"start":{"line":131,"column":26},"end":{"line":131,"column":54}},"50":{"start":{"line":132,"column":4},"end":{"line":134,"column":null}},"51":{"start":{"line":136,"column":4},"end":{"line":139,"column":null}},"52":{"start":{"line":146,"column":2},"end":{"line":151,"column":null}},"53":{"start":{"line":147,"column":4},"end":{"line":150,"column":null}},"54":{"start":{"line":153,"column":2},"end":{"line":156,"column":null}},"55":{"start":{"line":81,"column":0},"end":{"line":81,"column":22}}},"fnMap":{"0":{"name":"getDefaultGlobOptions","decl":{"start":{"line":14,"column":9},"end":{"line":14,"column":30}},"loc":{"start":{"line":14,"column":30},"end":{"line":20,"column":1}}},"1":{"name":"getMultiPathLCA","decl":{"start":{"line":31,"column":9},"end":{"line":31,"column":24}},"loc":{"start":{"line":31,"column":46},"end":{"line":79,"column":1}}},"2":{"name":"isPathTheSame","decl":{"start":{"line":58,"column":11},"end":{"line":58,"column":24}},"loc":{"start":{"line":58,"column":24},"end":{"line":67,"column":3}}},"3":{"name":"findFilesToUpload","decl":{"start":{"line":81,"column":22},"end":{"line":81,"column":39}},"loc":{"start":{"line":83,"column":32},"end":{"line":157,"column":null}}}},"branchMap":{"0":{"loc":{"start":{"line":32,"column":2},"end":{"line":34,"column":null}},"type":"if","locations":[{"start":{"line":32,"column":2},"end":{"line":34,"column":null}}]},"1":{"loc":{"start":{"line":52,"column":2},"end":{"line":54,"column":null}},"type":"if","locations":[{"start":{"line":52,"column":2},"end":{"line":54,"column":null}}]},"2":{"loc":{"start":{"line":61,"column":6},"end":{"line":64,"column":null}},"type":"if","locations":[{"start":{"line":61,"column":6},"end":{"line":64,"column":null}}]},"3":{"loc":{"start":{"line":71,"column":4},"end":{"line":73,"column":null}},"type":"if","locations":[{"start":{"line":71,"column":4},"end":{"line":73,"column":null}}]},"4":{"loc":{"start":{"line":88,"column":4},"end":{"line":88,"column":42}},"type":"binary-expr","locations":[{"start":{"line":88,"column":4},"end":{"line":88,"column":15}},{"start":{"line":88,"column":19},"end":{"line":88,"column":42}}]},"5":{"loc":{"start":{"line":105,"column":4},"end":{"line":121,"column":null}},"type":"if","locations":[{"start":{"line":105,"column":4},"end":{"line":121,"column":null}},{"start":{"line":117,"column":11},"end":{"line":121,"column":null}}]},"6":{"loc":{"start":{"line":110,"column":6},"end":{"line":116,"column":null}},"type":"if","locations":[{"start":{"line":110,"column":6},"end":{"line":116,"column":null}},{"start":{"line":114,"column":13},"end":{"line":116,"column":null}}]},"7":{"loc":{"start":{"line":127,"column":2},"end":{"line":140,"column":null}},"type":"if","locations":[{"start":{"line":127,"column":2},"end":{"line":140,"column":null}}]},"8":{"loc":{"start":{"line":146,"column":2},"end":{"line":151,"column":null}},"type":"if","locations":[{"start":{"line":146,"column":2},"end":{"line":151,"column":null}}]},"9":{"loc":{"start":{"line":146,"column":6},"end":{"line":146,"column":71}},"type":"binary-expr","locations":[{"start":{"line":146,"column":6},"end":{"line":146,"column":32}},{"start":{"line":146,"column":36},"end":{"line":146,"column":71}}]}},"s":{"0":1,"1":1,"2":1,"3":1,"4":1,"5":1,"6":1,"7":6,"8":0,"9":0,"10":0,"11":0,"12":0,"13":0,"14":0,"15":0,"16":0,"17":0,"18":0,"19":0,"20":0,"21":0,"22":0,"23":0,"24":0,"25":0,"26":0,"27":0,"28":0,"29":0,"30":0,"31":0,"32":0,"33":6,"34":6,"35":6,"36":6,"37":6,"38":3,"39":3,"40":2,"41":2,"42":2,"43":0,"44":2,"45":1,"46":6,"47":6,"48":0,"49":0,"50":0,"51":0,"52":6,"53":0,"54":6,"55":1},"f":{"0":6,"1":0,"2":0,"3":6},"b":{"0":[0],"1":[0],"2":[0],"3":[0],"4":[6,6],"5":[2,1],"6":[0,2],"7":[0],"8":[0],"9":[6,0]}}
,"C:\\Source\\Repos\\vstest-action\\src\\uploadArtifact.ts": {"path":"C:\\Source\\Repos\\vstest-action\\src\\uploadArtifact.ts","statementMap":{"0":{"start":{"line":1,"column":0},"end":{"line":1,"column":38}},"1":{"start":{"line":2,"column":0},"end":{"line":2,"column":56}},"2":{"start":{"line":3,"column":0},"end":{"line":3,"column":43}},"3":{"start":{"line":4,"column":0},"end":{"line":4,"column":41}},"4":{"start":{"line":5,"column":0},"end":{"line":5,"column":42}},"5":{"start":{"line":8,"column":2},"end":{"line":73,"column":null}},"6":{"start":{"line":9,"column":19},"end":{"line":9,"column":30}},"7":{"start":{"line":10,"column":25},"end":{"line":10,"column":67}},"8":{"start":{"line":11,"column":4},"end":{"line":70,"column":null}},"9":{"start":{"line":13,"column":6},"end":{"line":32,"column":null}},"10":{"start":{"line":15,"column":10},"end":{"line":17,"column":null}},"11":{"start":{"line":18,"column":10},"end":{"line":18,"column":15}},"12":{"start":{"line":21,"column":10},"end":{"line":23,"column":null}},"13":{"start":{"line":24,"column":10},"end":{"line":24,"column":15}},"14":{"start":{"line":27,"column":10},"end":{"line":29,"column":null}},"15":{"start":{"line":30,"column":10},"end":{"line":30,"column":15}},"16":{"start":{"line":34,"column":16},"end":{"line":34,"column":66}},"17":{"start":{"line":35,"column":6},"end":{"line":37,"column":null}},"18":{"start":{"line":38,"column":6},"end":{"line":38,"column":null}},"19":{"start":{"line":40,"column":6},"end":{"line":44,"column":null}},"20":{"start":{"line":41,"column":8},"end":{"line":43,"column":null}},"21":{"start":{"line":46,"column":29},"end":{"line":46,"column":37}},"22":{"start":{"line":47,"column":37},"end":{"line":49,"column":null}},"23":{"start":{"line":50,"column":6},"end":{"line":52,"column":null}},"24":{"start":{"line":51,"column":8},"end":{"line":51,"column":null}},"25":{"start":{"line":54,"column":29},"end":{"line":58,"column":null}},"26":{"start":{"line":61,"column":6},"end":{"line":69,"column":null}},"27":{"start":{"line":62,"column":8},"end":{"line":64,"column":null}},"28":{"start":{"line":66,"column":8},"end":{"line":68,"column":null}},"29":{"start":{"line":72,"column":4},"end":{"line":72,"column":null}},"30":{"start":{"line":7,"column":0},"end":{"line":7,"column":22}}},"fnMap":{"0":{"name":"uploadArtifact","decl":{"start":{"line":7,"column":22},"end":{"line":7,"column":36}},"loc":{"start":{"line":7,"column":36},"end":{"line":74,"column":null}}}},"branchMap":{"0":{"loc":{"start":{"line":11,"column":4},"end":{"line":70,"column":null}},"type":"if","locations":[{"start":{"line":11,"column":4},"end":{"line":70,"column":null}},{"start":{"line":33,"column":11},"end":{"line":70,"column":null}}]},"1":{"loc":{"start":{"line":13,"column":6},"end":{"line":32,"column":null}},"type":"switch","locations":[{"start":{"line":14,"column":8},"end":{"line":19,"column":null}},{"start":{"line":20,"column":8},"end":{"line":25,"column":null}},{"start":{"line":26,"column":8},"end":{"line":31,"column":null}}]},"2":{"loc":{"start":{"line":34,"column":16},"end":{"line":34,"column":66}},"type":"cond-expr","locations":[{"start":{"line":34,"column":58},"end":{"line":34,"column":60}},{"start":{"line":34,"column":63},"end":{"line":34,"column":66}}]},"3":{"loc":{"start":{"line":40,"column":6},"end":{"line":44,"column":null}},"type":"if","locations":[{"start":{"line":40,"column":6},"end":{"line":44,"column":null}}]},"4":{"loc":{"start":{"line":50,"column":6},"end":{"line":52,"column":null}},"type":"if","locations":[{"start":{"line":50,"column":6},"end":{"line":52,"column":null}}]},"5":{"loc":{"start":{"line":61,"column":6},"end":{"line":69,"column":null}},"type":"if","locations":[{"start":{"line":61,"column":6},"end":{"line":69,"column":null}},{"start":{"line":65,"column":13},"end":{"line":69,"column":null}}]}},"s":{"0":1,"1":1,"2":1,"3":1,"4":1,"5":2,"6":2,"7":2,"8":2,"9":2,"10":0,"11":0,"12":0,"13":0,"14":0,"15":0,"16":0,"17":0,"18":0,"19":0,"20":0,"21":0,"22":0,"23":0,"24":0,"25":0,"26":0,"27":0,"28":0,"29":0,"30":1},"f":{"0":2},"b":{"0":[2,0],"1":[0,0,0],"2":[0,0],"3":[0],"4":[0],"5":[0,0]}}
}
